The system is: Linux - 4.15.0-39-generic - x86_64
Compiling the C compiler identification source file "CMakeCCompilerId.c" succeeded.
Compiler: /usr/bin/cc 
Build flags: 
Id flags:  

The output was:
0


Compilation of the C compiler identification source "CMakeCCompilerId.c" produced "a.out"

The C compiler identification is GNU, found in "/home/alecone/catkin_graph/build/CMakeFiles/3.10.2/CompilerIdC/a.out"

Compiling the CXX compiler identification source file "CMakeCXXCompilerId.cpp" succeeded.
Compiler: /usr/bin/c++ 
Build flags: 
Id flags:  

The output was:
0


Compilation of the CXX compiler identification source "CMakeCXXCompilerId.cpp" produced "a.out"

The CXX compiler identification is GNU, found in "/home/alecone/catkin_graph/build/CMakeFiles/3.10.2/CompilerIdCXX/a.out"

Determining if the C compiler works passed with the following output:
Change Dir: /home/alecone/catkin_graph/build/CMakeFiles/CMakeTmp

Run Build Command:"/usr/bin/make" "cmTC_fb864/fast"
/usr/bin/make -f CMakeFiles/cmTC_fb864.dir/build.make CMakeFiles/cmTC_fb864.dir/build
make[1]: Entering directory '/home/alecone/catkin_graph/build/CMakeFiles/CMakeTmp'
Building C object CMakeFiles/cmTC_fb864.dir/testCCompiler.c.o
/usr/bin/cc    -o CMakeFiles/cmTC_fb864.dir/testCCompiler.c.o   -c /home/alecone/catkin_graph/build/CMakeFiles/CMakeTmp/testCCompiler.c
Linking C executable cmTC_fb864
/usr/bin/cmake -E cmake_link_script CMakeFiles/cmTC_fb864.dir/link.txt --verbose=1
/usr/bin/cc      -rdynamic CMakeFiles/cmTC_fb864.dir/testCCompiler.c.o  -o cmTC_fb864 
make[1]: Leaving directory '/home/alecone/catkin_graph/build/CMakeFiles/CMakeTmp'


Detecting C compiler ABI info compiled with the following output:
Change Dir: /home/alecone/catkin_graph/build/CMakeFiles/CMakeTmp

Run Build Command:"/usr/bin/make" "cmTC_2bd6c/fast"
/usr/bin/make -f CMakeFiles/cmTC_2bd6c.dir/build.make CMakeFiles/cmTC_2bd6c.dir/build
make[1]: Entering directory '/home/alecone/catkin_graph/build/CMakeFiles/CMakeTmp'
Building C object CMakeFiles/cmTC_2bd6c.dir/CMakeCCompilerABI.c.o
/usr/bin/cc    -o CMakeFiles/cmTC_2bd6c.dir/CMakeCCompilerABI.c.o   -c /usr/share/cmake-3.10/Modules/CMakeCCompilerABI.c
Linking C executable cmTC_2bd6c
/usr/bin/cmake -E cmake_link_script CMakeFiles/cmTC_2bd6c.dir/link.txt --verbose=1
/usr/bin/cc     -v -rdynamic CMakeFiles/cmTC_2bd6c.dir/CMakeCCompilerABI.c.o  -o cmTC_2bd6c 
Using built-in specs.
COLLECT_GCC=/usr/bin/cc
COLLECT_LTO_WRAPPER=/usr/lib/gcc/x86_64-linux-gnu/7/lto-wrapper
OFFLOAD_TARGET_NAMES=nvptx-none
OFFLOAD_TARGET_DEFAULT=1
Target: x86_64-linux-gnu
Configured with: ../src/configure -v --with-pkgversion='Ubuntu 7.3.0-27ubuntu1~18.04' --with-bugurl=file:///usr/share/doc/gcc-7/README.Bugs --enable-languages=c,ada,c++,go,brig,d,fortran,objc,obj-c++ --prefix=/usr --with-gcc-major-version-only --program-suffix=-7 --program-prefix=x86_64-linux-gnu- --enable-shared --enable-linker-build-id --libexecdir=/usr/lib --without-included-gettext --enable-threads=posix --libdir=/usr/lib --enable-nls --with-sysroot=/ --enable-clocale=gnu --enable-libstdcxx-debug --enable-libstdcxx-time=yes --with-default-libstdcxx-abi=new --enable-gnu-unique-object --disable-vtable-verify --enable-libmpx --enable-plugin --enable-default-pie --with-system-zlib --with-target-system-zlib --enable-objc-gc=auto --enable-multiarch --disable-werror --with-arch-32=i686 --with-abi=m64 --with-multilib-list=m32,m64,mx32 --enable-multilib --with-tune=generic --enable-offload-targets=nvptx-none --without-cuda-driver --enable-checking=release --build=x86_64-linux-gnu --host=x86_64-linux-gnu --target=x86_64-linux-gnu
Thread model: posix
gcc version 7.3.0 (Ubuntu 7.3.0-27ubuntu1~18.04) 
COMPILER_PATH=/usr/lib/gcc/x86_64-linux-gnu/7/:/usr/lib/gcc/x86_64-linux-gnu/7/:/usr/lib/gcc/x86_64-linux-gnu/:/usr/lib/gcc/x86_64-linux-gnu/7/:/usr/lib/gcc/x86_64-linux-gnu/
LIBRARY_PATH=/usr/lib/gcc/x86_64-linux-gnu/7/:/usr/lib/gcc/x86_64-linux-gnu/7/../../../x86_64-linux-gnu/:/usr/lib/gcc/x86_64-linux-gnu/7/../../../../lib/:/lib/x86_64-linux-gnu/:/lib/../lib/:/usr/lib/x86_64-linux-gnu/:/usr/lib/../lib/:/usr/lib/gcc/x86_64-linux-gnu/7/../../../:/lib/:/usr/lib/
COLLECT_GCC_OPTIONS='-v' '-rdynamic' '-o' 'cmTC_2bd6c' '-mtune=generic' '-march=x86-64'
 /usr/lib/gcc/x86_64-linux-gnu/7/collect2 -plugin /usr/lib/gcc/x86_64-linux-gnu/7/liblto_plugin.so -plugin-opt=/usr/lib/gcc/x86_64-linux-gnu/7/lto-wrapper -plugin-opt=-fresolution=/tmp/ccJKzzTI.res -plugin-opt=-pass-through=-lgcc -plugin-opt=-pass-through=-lgcc_s -plugin-opt=-pass-through=-lc -plugin-opt=-pass-through=-lgcc -plugin-opt=-pass-through=-lgcc_s --sysroot=/ --build-id --eh-frame-hdr -m elf_x86_64 --hash-style=gnu --as-needed -export-dynamic -dynamic-linker /lib64/ld-linux-x86-64.so.2 -pie -z now -z relro -o cmTC_2bd6c /usr/lib/gcc/x86_64-linux-gnu/7/../../../x86_64-linux-gnu/Scrt1.o /usr/lib/gcc/x86_64-linux-gnu/7/../../../x86_64-linux-gnu/crti.o /usr/lib/gcc/x86_64-linux-gnu/7/crtbeginS.o -L/usr/lib/gcc/x86_64-linux-gnu/7 -L/usr/lib/gcc/x86_64-linux-gnu/7/../../../x86_64-linux-gnu -L/usr/lib/gcc/x86_64-linux-gnu/7/../../../../lib -L/lib/x86_64-linux-gnu -L/lib/../lib -L/usr/lib/x86_64-linux-gnu -L/usr/lib/../lib -L/usr/lib/gcc/x86_64-linux-gnu/7/../../.. CMakeFiles/cmTC_2bd6c.dir/CMakeCCompilerABI.c.o -lgcc --push-state --as-needed -lgcc_s --pop-state -lc -lgcc --push-state --as-needed -lgcc_s --pop-state /usr/lib/gcc/x86_64-linux-gnu/7/crtendS.o /usr/lib/gcc/x86_64-linux-gnu/7/../../../x86_64-linux-gnu/crtn.o
COLLECT_GCC_OPTIONS='-v' '-rdynamic' '-o' 'cmTC_2bd6c' '-mtune=generic' '-march=x86-64'
make[1]: Leaving directory '/home/alecone/catkin_graph/build/CMakeFiles/CMakeTmp'


Parsed C implicit link information from above output:
  link line regex: [^( *|.*[/\])(ld|CMAKE_LINK_STARTFILE-NOTFOUND|([^/\]+-)?ld|collect2)[^/\]*( |$)]
  ignore line: [Change Dir: /home/alecone/catkin_graph/build/CMakeFiles/CMakeTmp]
  ignore line: []
  ignore line: [Run Build Command:"/usr/bin/make" "cmTC_2bd6c/fast"]
  ignore line: [/usr/bin/make -f CMakeFiles/cmTC_2bd6c.dir/build.make CMakeFiles/cmTC_2bd6c.dir/build]
  ignore line: [make[1]: Entering directory '/home/alecone/catkin_graph/build/CMakeFiles/CMakeTmp']
  ignore line: [Building C object CMakeFiles/cmTC_2bd6c.dir/CMakeCCompilerABI.c.o]
  ignore line: [/usr/bin/cc    -o CMakeFiles/cmTC_2bd6c.dir/CMakeCCompilerABI.c.o   -c /usr/share/cmake-3.10/Modules/CMakeCCompilerABI.c]
  ignore line: [Linking C executable cmTC_2bd6c]
  ignore line: [/usr/bin/cmake -E cmake_link_script CMakeFiles/cmTC_2bd6c.dir/link.txt --verbose=1]
  ignore line: [/usr/bin/cc     -v -rdynamic CMakeFiles/cmTC_2bd6c.dir/CMakeCCompilerABI.c.o  -o cmTC_2bd6c ]
  ignore line: [Using built-in specs.]
  ignore line: [COLLECT_GCC=/usr/bin/cc]
  ignore line: [COLLECT_LTO_WRAPPER=/usr/lib/gcc/x86_64-linux-gnu/7/lto-wrapper]
  ignore line: [OFFLOAD_TARGET_NAMES=nvptx-none]
  ignore line: [OFFLOAD_TARGET_DEFAULT=1]
  ignore line: [Target: x86_64-linux-gnu]
  ignore line: [Configured with: ../src/configure -v --with-pkgversion='Ubuntu 7.3.0-27ubuntu1~18.04' --with-bugurl=file:///usr/share/doc/gcc-7/README.Bugs --enable-languages=c,ada,c++,go,brig,d,fortran,objc,obj-c++ --prefix=/usr --with-gcc-major-version-only --program-suffix=-7 --program-prefix=x86_64-linux-gnu- --enable-shared --enable-linker-build-id --libexecdir=/usr/lib --without-included-gettext --enable-threads=posix --libdir=/usr/lib --enable-nls --with-sysroot=/ --enable-clocale=gnu --enable-libstdcxx-debug --enable-libstdcxx-time=yes --with-default-libstdcxx-abi=new --enable-gnu-unique-object --disable-vtable-verify --enable-libmpx --enable-plugin --enable-default-pie --with-system-zlib --with-target-system-zlib --enable-objc-gc=auto --enable-multiarch --disable-werror --with-arch-32=i686 --with-abi=m64 --with-multilib-list=m32,m64,mx32 --enable-multilib --with-tune=generic --enable-offload-targets=nvptx-none --without-cuda-driver --enable-checking=release --build=x86_64-linux-gnu --host=x86_64-linux-gnu --target=x86_64-linux-gnu]
  ignore line: [Thread model: posix]
  ignore line: [gcc version 7.3.0 (Ubuntu 7.3.0-27ubuntu1~18.04) ]
  ignore line: [COMPILER_PATH=/usr/lib/gcc/x86_64-linux-gnu/7/:/usr/lib/gcc/x86_64-linux-gnu/7/:/usr/lib/gcc/x86_64-linux-gnu/:/usr/lib/gcc/x86_64-linux-gnu/7/:/usr/lib/gcc/x86_64-linux-gnu/]
  ignore line: [LIBRARY_PATH=/usr/lib/gcc/x86_64-linux-gnu/7/:/usr/lib/gcc/x86_64-linux-gnu/7/../../../x86_64-linux-gnu/:/usr/lib/gcc/x86_64-linux-gnu/7/../../../../lib/:/lib/x86_64-linux-gnu/:/lib/../lib/:/usr/lib/x86_64-linux-gnu/:/usr/lib/../lib/:/usr/lib/gcc/x86_64-linux-gnu/7/../../../:/lib/:/usr/lib/]
  ignore line: [COLLECT_GCC_OPTIONS='-v' '-rdynamic' '-o' 'cmTC_2bd6c' '-mtune=generic' '-march=x86-64']
  link line: [ /usr/lib/gcc/x86_64-linux-gnu/7/collect2 -plugin /usr/lib/gcc/x86_64-linux-gnu/7/liblto_plugin.so -plugin-opt=/usr/lib/gcc/x86_64-linux-gnu/7/lto-wrapper -plugin-opt=-fresolution=/tmp/ccJKzzTI.res -plugin-opt=-pass-through=-lgcc -plugin-opt=-pass-through=-lgcc_s -plugin-opt=-pass-through=-lc -plugin-opt=-pass-through=-lgcc -plugin-opt=-pass-through=-lgcc_s --sysroot=/ --build-id --eh-frame-hdr -m elf_x86_64 --hash-style=gnu --as-needed -export-dynamic -dynamic-linker /lib64/ld-linux-x86-64.so.2 -pie -z now -z relro -o cmTC_2bd6c /usr/lib/gcc/x86_64-linux-gnu/7/../../../x86_64-linux-gnu/Scrt1.o /usr/lib/gcc/x86_64-linux-gnu/7/../../../x86_64-linux-gnu/crti.o /usr/lib/gcc/x86_64-linux-gnu/7/crtbeginS.o -L/usr/lib/gcc/x86_64-linux-gnu/7 -L/usr/lib/gcc/x86_64-linux-gnu/7/../../../x86_64-linux-gnu -L/usr/lib/gcc/x86_64-linux-gnu/7/../../../../lib -L/lib/x86_64-linux-gnu -L/lib/../lib -L/usr/lib/x86_64-linux-gnu -L/usr/lib/../lib -L/usr/lib/gcc/x86_64-linux-gnu/7/../../.. CMakeFiles/cmTC_2bd6c.dir/CMakeCCompilerABI.c.o -lgcc --push-state --as-needed -lgcc_s --pop-state -lc -lgcc --push-state --as-needed -lgcc_s --pop-state /usr/lib/gcc/x86_64-linux-gnu/7/crtendS.o /usr/lib/gcc/x86_64-linux-gnu/7/../../../x86_64-linux-gnu/crtn.o]
    arg [/usr/lib/gcc/x86_64-linux-gnu/7/collect2] ==> ignore
    arg [-plugin] ==> ignore
    arg [/usr/lib/gcc/x86_64-linux-gnu/7/liblto_plugin.so] ==> ignore
    arg [-plugin-opt=/usr/lib/gcc/x86_64-linux-gnu/7/lto-wrapper] ==> ignore
    arg [-plugin-opt=-fresolution=/tmp/ccJKzzTI.res] ==> ignore
    arg [-plugin-opt=-pass-through=-lgcc] ==> ignore
    arg [-plugin-opt=-pass-through=-lgcc_s] ==> ignore
    arg [-plugin-opt=-pass-through=-lc] ==> ignore
    arg [-plugin-opt=-pass-through=-lgcc] ==> ignore
    arg [-plugin-opt=-pass-through=-lgcc_s] ==> ignore
    arg [--sysroot=/] ==> ignore
    arg [--build-id] ==> ignore
    arg [--eh-frame-hdr] ==> ignore
    arg [-m] ==> ignore
    arg [elf_x86_64] ==> ignore
    arg [--hash-style=gnu] ==> ignore
    arg [--as-needed] ==> ignore
    arg [-export-dynamic] ==> ignore
    arg [-dynamic-linker] ==> ignore
    arg [/lib64/ld-linux-x86-64.so.2] ==> ignore
    arg [-pie] ==> ignore
    arg [-znow] ==> ignore
    arg [-zrelro] ==> ignore
    arg [-o] ==> ignore
    arg [cmTC_2bd6c] ==> ignore
    arg [/usr/lib/gcc/x86_64-linux-gnu/7/../../../x86_64-linux-gnu/Scrt1.o] ==> ignore
    arg [/usr/lib/gcc/x86_64-linux-gnu/7/../../../x86_64-linux-gnu/crti.o] ==> ignore
    arg [/usr/lib/gcc/x86_64-linux-gnu/7/crtbeginS.o] ==> ignore
    arg [-L/usr/lib/gcc/x86_64-linux-gnu/7] ==> dir [/usr/lib/gcc/x86_64-linux-gnu/7]
    arg [-L/usr/lib/gcc/x86_64-linux-gnu/7/../../../x86_64-linux-gnu] ==> dir [/usr/lib/gcc/x86_64-linux-gnu/7/../../../x86_64-linux-gnu]
    arg [-L/usr/lib/gcc/x86_64-linux-gnu/7/../../../../lib] ==> dir [/usr/lib/gcc/x86_64-linux-gnu/7/../../../../lib]
    arg [-L/lib/x86_64-linux-gnu] ==> dir [/lib/x86_64-linux-gnu]
    arg [-L/lib/../lib] ==> dir [/lib/../lib]
    arg [-L/usr/lib/x86_64-linux-gnu] ==> dir [/usr/lib/x86_64-linux-gnu]
    arg [-L/usr/lib/../lib] ==> dir [/usr/lib/../lib]
    arg [-L/usr/lib/gcc/x86_64-linux-gnu/7/../../..] ==> dir [/usr/lib/gcc/x86_64-linux-gnu/7/../../..]
    arg [CMakeFiles/cmTC_2bd6c.dir/CMakeCCompilerABI.c.o] ==> ignore
    arg [-lgcc] ==> lib [gcc]
    arg [--push-state] ==> ignore
    arg [--as-needed] ==> ignore
    arg [-lgcc_s] ==> lib [gcc_s]
    arg [--pop-state] ==> ignore
    arg [-lc] ==> lib [c]
    arg [-lgcc] ==> lib [gcc]
    arg [--push-state] ==> ignore
    arg [--as-needed] ==> ignore
    arg [-lgcc_s] ==> lib [gcc_s]
    arg [--pop-state] ==> ignore
    arg [/usr/lib/gcc/x86_64-linux-gnu/7/crtendS.o] ==> ignore
    arg [/usr/lib/gcc/x86_64-linux-gnu/7/../../../x86_64-linux-gnu/crtn.o] ==> ignore
  collapse library dir [/usr/lib/gcc/x86_64-linux-gnu/7] ==> [/usr/lib/gcc/x86_64-linux-gnu/7]
  collapse library dir [/usr/lib/gcc/x86_64-linux-gnu/7/../../../x86_64-linux-gnu] ==> [/usr/lib/x86_64-linux-gnu]
  collapse library dir [/usr/lib/gcc/x86_64-linux-gnu/7/../../../../lib] ==> [/usr/lib]
  collapse library dir [/lib/x86_64-linux-gnu] ==> [/lib/x86_64-linux-gnu]
  collapse library dir [/lib/../lib] ==> [/lib]
  collapse library dir [/usr/lib/x86_64-linux-gnu] ==> [/usr/lib/x86_64-linux-gnu]
  collapse library dir [/usr/lib/../lib] ==> [/usr/lib]
  collapse library dir [/usr/lib/gcc/x86_64-linux-gnu/7/../../..] ==> [/usr/lib]
  implicit libs: [gcc;gcc_s;c;gcc;gcc_s]
  implicit dirs: [/usr/lib/gcc/x86_64-linux-gnu/7;/usr/lib/x86_64-linux-gnu;/usr/lib;/lib/x86_64-linux-gnu;/lib]
  implicit fwks: []




Detecting C [-std=c11] compiler features compiled with the following output:
Change Dir: /home/alecone/catkin_graph/build/CMakeFiles/CMakeTmp

Run Build Command:"/usr/bin/make" "cmTC_e277a/fast"
/usr/bin/make -f CMakeFiles/cmTC_e277a.dir/build.make CMakeFiles/cmTC_e277a.dir/build
make[1]: Entering directory '/home/alecone/catkin_graph/build/CMakeFiles/CMakeTmp'
Building C object CMakeFiles/cmTC_e277a.dir/feature_tests.c.o
/usr/bin/cc   -std=c11 -o CMakeFiles/cmTC_e277a.dir/feature_tests.c.o   -c /home/alecone/catkin_graph/build/CMakeFiles/feature_tests.c
Linking C executable cmTC_e277a
/usr/bin/cmake -E cmake_link_script CMakeFiles/cmTC_e277a.dir/link.txt --verbose=1
/usr/bin/cc      -rdynamic CMakeFiles/cmTC_e277a.dir/feature_tests.c.o  -o cmTC_e277a 
make[1]: Leaving directory '/home/alecone/catkin_graph/build/CMakeFiles/CMakeTmp'


    Feature record: C_FEATURE:1c_function_prototypes
    Feature record: C_FEATURE:1c_restrict
    Feature record: C_FEATURE:1c_static_assert
    Feature record: C_FEATURE:1c_variadic_macros


Detecting C [-std=c99] compiler features compiled with the following output:
Change Dir: /home/alecone/catkin_graph/build/CMakeFiles/CMakeTmp

Run Build Command:"/usr/bin/make" "cmTC_f81e2/fast"
/usr/bin/make -f CMakeFiles/cmTC_f81e2.dir/build.make CMakeFiles/cmTC_f81e2.dir/build
make[1]: Entering directory '/home/alecone/catkin_graph/build/CMakeFiles/CMakeTmp'
Building C object CMakeFiles/cmTC_f81e2.dir/feature_tests.c.o
/usr/bin/cc   -std=c99 -o CMakeFiles/cmTC_f81e2.dir/feature_tests.c.o   -c /home/alecone/catkin_graph/build/CMakeFiles/feature_tests.c
Linking C executable cmTC_f81e2
/usr/bin/cmake -E cmake_link_script CMakeFiles/cmTC_f81e2.dir/link.txt --verbose=1
/usr/bin/cc      -rdynamic CMakeFiles/cmTC_f81e2.dir/feature_tests.c.o  -o cmTC_f81e2 
make[1]: Leaving directory '/home/alecone/catkin_graph/build/CMakeFiles/CMakeTmp'


    Feature record: C_FEATURE:1c_function_prototypes
    Feature record: C_FEATURE:1c_restrict
    Feature record: C_FEATURE:0c_static_assert
    Feature record: C_FEATURE:1c_variadic_macros


Detecting C [-std=c90] compiler features compiled with the following output:
Change Dir: /home/alecone/catkin_graph/build/CMakeFiles/CMakeTmp

Run Build Command:"/usr/bin/make" "cmTC_7adf0/fast"
/usr/bin/make -f CMakeFiles/cmTC_7adf0.dir/build.make CMakeFiles/cmTC_7adf0.dir/build
make[1]: Entering directory '/home/alecone/catkin_graph/build/CMakeFiles/CMakeTmp'
Building C object CMakeFiles/cmTC_7adf0.dir/feature_tests.c.o
/usr/bin/cc   -std=c90 -o CMakeFiles/cmTC_7adf0.dir/feature_tests.c.o   -c /home/alecone/catkin_graph/build/CMakeFiles/feature_tests.c
Linking C executable cmTC_7adf0
/usr/bin/cmake -E cmake_link_script CMakeFiles/cmTC_7adf0.dir/link.txt --verbose=1
/usr/bin/cc      -rdynamic CMakeFiles/cmTC_7adf0.dir/feature_tests.c.o  -o cmTC_7adf0 
make[1]: Leaving directory '/home/alecone/catkin_graph/build/CMakeFiles/CMakeTmp'


    Feature record: C_FEATURE:1c_function_prototypes
    Feature record: C_FEATURE:0c_restrict
    Feature record: C_FEATURE:0c_static_assert
    Feature record: C_FEATURE:0c_variadic_macros
Determining if the CXX compiler works passed with the following output:
Change Dir: /home/alecone/catkin_graph/build/CMakeFiles/CMakeTmp

Run Build Command:"/usr/bin/make" "cmTC_0e9b5/fast"
/usr/bin/make -f CMakeFiles/cmTC_0e9b5.dir/build.make CMakeFiles/cmTC_0e9b5.dir/build
make[1]: Entering directory '/home/alecone/catkin_graph/build/CMakeFiles/CMakeTmp'
Building CXX object CMakeFiles/cmTC_0e9b5.dir/testCXXCompiler.cxx.o
/usr/bin/c++     -o CMakeFiles/cmTC_0e9b5.dir/testCXXCompiler.cxx.o -c /home/alecone/catkin_graph/build/CMakeFiles/CMakeTmp/testCXXCompiler.cxx
Linking CXX executable cmTC_0e9b5
/usr/bin/cmake -E cmake_link_script CMakeFiles/cmTC_0e9b5.dir/link.txt --verbose=1
/usr/bin/c++       -rdynamic CMakeFiles/cmTC_0e9b5.dir/testCXXCompiler.cxx.o  -o cmTC_0e9b5 
make[1]: Leaving directory '/home/alecone/catkin_graph/build/CMakeFiles/CMakeTmp'


Detecting CXX compiler ABI info compiled with the following output:
Change Dir: /home/alecone/catkin_graph/build/CMakeFiles/CMakeTmp

Run Build Command:"/usr/bin/make" "cmTC_c4c45/fast"
/usr/bin/make -f CMakeFiles/cmTC_c4c45.dir/build.make CMakeFiles/cmTC_c4c45.dir/build
make[1]: Entering directory '/home/alecone/catkin_graph/build/CMakeFiles/CMakeTmp'
Building CXX object CMakeFiles/cmTC_c4c45.dir/CMakeCXXCompilerABI.cpp.o
/usr/bin/c++     -o CMakeFiles/cmTC_c4c45.dir/CMakeCXXCompilerABI.cpp.o -c /usr/share/cmake-3.10/Modules/CMakeCXXCompilerABI.cpp
Linking CXX executable cmTC_c4c45
/usr/bin/cmake -E cmake_link_script CMakeFiles/cmTC_c4c45.dir/link.txt --verbose=1
/usr/bin/c++      -v -rdynamic CMakeFiles/cmTC_c4c45.dir/CMakeCXXCompilerABI.cpp.o  -o cmTC_c4c45 
Using built-in specs.
COLLECT_GCC=/usr/bin/c++
COLLECT_LTO_WRAPPER=/usr/lib/gcc/x86_64-linux-gnu/7/lto-wrapper
OFFLOAD_TARGET_NAMES=nvptx-none
OFFLOAD_TARGET_DEFAULT=1
Target: x86_64-linux-gnu
Configured with: ../src/configure -v --with-pkgversion='Ubuntu 7.3.0-27ubuntu1~18.04' --with-bugurl=file:///usr/share/doc/gcc-7/README.Bugs --enable-languages=c,ada,c++,go,brig,d,fortran,objc,obj-c++ --prefix=/usr --with-gcc-major-version-only --program-suffix=-7 --program-prefix=x86_64-linux-gnu- --enable-shared --enable-linker-build-id --libexecdir=/usr/lib --without-included-gettext --enable-threads=posix --libdir=/usr/lib --enable-nls --with-sysroot=/ --enable-clocale=gnu --enable-libstdcxx-debug --enable-libstdcxx-time=yes --with-default-libstdcxx-abi=new --enable-gnu-unique-object --disable-vtable-verify --enable-libmpx --enable-plugin --enable-default-pie --with-system-zlib --with-target-system-zlib --enable-objc-gc=auto --enable-multiarch --disable-werror --with-arch-32=i686 --with-abi=m64 --with-multilib-list=m32,m64,mx32 --enable-multilib --with-tune=generic --enable-offload-targets=nvptx-none --without-cuda-driver --enable-checking=release --build=x86_64-linux-gnu --host=x86_64-linux-gnu --target=x86_64-linux-gnu
Thread model: posix
gcc version 7.3.0 (Ubuntu 7.3.0-27ubuntu1~18.04) 
COMPILER_PATH=/usr/lib/gcc/x86_64-linux-gnu/7/:/usr/lib/gcc/x86_64-linux-gnu/7/:/usr/lib/gcc/x86_64-linux-gnu/:/usr/lib/gcc/x86_64-linux-gnu/7/:/usr/lib/gcc/x86_64-linux-gnu/
LIBRARY_PATH=/usr/lib/gcc/x86_64-linux-gnu/7/:/usr/lib/gcc/x86_64-linux-gnu/7/../../../x86_64-linux-gnu/:/usr/lib/gcc/x86_64-linux-gnu/7/../../../../lib/:/lib/x86_64-linux-gnu/:/lib/../lib/:/usr/lib/x86_64-linux-gnu/:/usr/lib/../lib/:/usr/lib/gcc/x86_64-linux-gnu/7/../../../:/lib/:/usr/lib/
COLLECT_GCC_OPTIONS='-v' '-rdynamic' '-o' 'cmTC_c4c45' '-shared-libgcc' '-mtune=generic' '-march=x86-64'
 /usr/lib/gcc/x86_64-linux-gnu/7/collect2 -plugin /usr/lib/gcc/x86_64-linux-gnu/7/liblto_plugin.so -plugin-opt=/usr/lib/gcc/x86_64-linux-gnu/7/lto-wrapper -plugin-opt=-fresolution=/tmp/ccVxcKM7.res -plugin-opt=-pass-through=-lgcc_s -plugin-opt=-pass-through=-lgcc -plugin-opt=-pass-through=-lc -plugin-opt=-pass-through=-lgcc_s -plugin-opt=-pass-through=-lgcc --sysroot=/ --build-id --eh-frame-hdr -m elf_x86_64 --hash-style=gnu --as-needed -export-dynamic -dynamic-linker /lib64/ld-linux-x86-64.so.2 -pie -z now -z relro -o cmTC_c4c45 /usr/lib/gcc/x86_64-linux-gnu/7/../../../x86_64-linux-gnu/Scrt1.o /usr/lib/gcc/x86_64-linux-gnu/7/../../../x86_64-linux-gnu/crti.o /usr/lib/gcc/x86_64-linux-gnu/7/crtbeginS.o -L/usr/lib/gcc/x86_64-linux-gnu/7 -L/usr/lib/gcc/x86_64-linux-gnu/7/../../../x86_64-linux-gnu -L/usr/lib/gcc/x86_64-linux-gnu/7/../../../../lib -L/lib/x86_64-linux-gnu -L/lib/../lib -L/usr/lib/x86_64-linux-gnu -L/usr/lib/../lib -L/usr/lib/gcc/x86_64-linux-gnu/7/../../.. CMakeFiles/cmTC_c4c45.dir/CMakeCXXCompilerABI.cpp.o -lstdc++ -lm -lgcc_s -lgcc -lc -lgcc_s -lgcc /usr/lib/gcc/x86_64-linux-gnu/7/crtendS.o /usr/lib/gcc/x86_64-linux-gnu/7/../../../x86_64-linux-gnu/crtn.o
COLLECT_GCC_OPTIONS='-v' '-rdynamic' '-o' 'cmTC_c4c45' '-shared-libgcc' '-mtune=generic' '-march=x86-64'
make[1]: Leaving directory '/home/alecone/catkin_graph/build/CMakeFiles/CMakeTmp'


Parsed CXX implicit link information from above output:
  link line regex: [^( *|.*[/\])(ld|CMAKE_LINK_STARTFILE-NOTFOUND|([^/\]+-)?ld|collect2)[^/\]*( |$)]
  ignore line: [Change Dir: /home/alecone/catkin_graph/build/CMakeFiles/CMakeTmp]
  ignore line: []
  ignore line: [Run Build Command:"/usr/bin/make" "cmTC_c4c45/fast"]
  ignore line: [/usr/bin/make -f CMakeFiles/cmTC_c4c45.dir/build.make CMakeFiles/cmTC_c4c45.dir/build]
  ignore line: [make[1]: Entering directory '/home/alecone/catkin_graph/build/CMakeFiles/CMakeTmp']
  ignore line: [Building CXX object CMakeFiles/cmTC_c4c45.dir/CMakeCXXCompilerABI.cpp.o]
  ignore line: [/usr/bin/c++     -o CMakeFiles/cmTC_c4c45.dir/CMakeCXXCompilerABI.cpp.o -c /usr/share/cmake-3.10/Modules/CMakeCXXCompilerABI.cpp]
  ignore line: [Linking CXX executable cmTC_c4c45]
  ignore line: [/usr/bin/cmake -E cmake_link_script CMakeFiles/cmTC_c4c45.dir/link.txt --verbose=1]
  ignore line: [/usr/bin/c++      -v -rdynamic CMakeFiles/cmTC_c4c45.dir/CMakeCXXCompilerABI.cpp.o  -o cmTC_c4c45 ]
  ignore line: [Using built-in specs.]
  ignore line: [COLLECT_GCC=/usr/bin/c++]
  ignore line: [COLLECT_LTO_WRAPPER=/usr/lib/gcc/x86_64-linux-gnu/7/lto-wrapper]
  ignore line: [OFFLOAD_TARGET_NAMES=nvptx-none]
  ignore line: [OFFLOAD_TARGET_DEFAULT=1]
  ignore line: [Target: x86_64-linux-gnu]
  ignore line: [Configured with: ../src/configure -v --with-pkgversion='Ubuntu 7.3.0-27ubuntu1~18.04' --with-bugurl=file:///usr/share/doc/gcc-7/README.Bugs --enable-languages=c,ada,c++,go,brig,d,fortran,objc,obj-c++ --prefix=/usr --with-gcc-major-version-only --program-suffix=-7 --program-prefix=x86_64-linux-gnu- --enable-shared --enable-linker-build-id --libexecdir=/usr/lib --without-included-gettext --enable-threads=posix --libdir=/usr/lib --enable-nls --with-sysroot=/ --enable-clocale=gnu --enable-libstdcxx-debug --enable-libstdcxx-time=yes --with-default-libstdcxx-abi=new --enable-gnu-unique-object --disable-vtable-verify --enable-libmpx --enable-plugin --enable-default-pie --with-system-zlib --with-target-system-zlib --enable-objc-gc=auto --enable-multiarch --disable-werror --with-arch-32=i686 --with-abi=m64 --with-multilib-list=m32,m64,mx32 --enable-multilib --with-tune=generic --enable-offload-targets=nvptx-none --without-cuda-driver --enable-checking=release --build=x86_64-linux-gnu --host=x86_64-linux-gnu --target=x86_64-linux-gnu]
  ignore line: [Thread model: posix]
  ignore line: [gcc version 7.3.0 (Ubuntu 7.3.0-27ubuntu1~18.04) ]
  ignore line: [COMPILER_PATH=/usr/lib/gcc/x86_64-linux-gnu/7/:/usr/lib/gcc/x86_64-linux-gnu/7/:/usr/lib/gcc/x86_64-linux-gnu/:/usr/lib/gcc/x86_64-linux-gnu/7/:/usr/lib/gcc/x86_64-linux-gnu/]
  ignore line: [LIBRARY_PATH=/usr/lib/gcc/x86_64-linux-gnu/7/:/usr/lib/gcc/x86_64-linux-gnu/7/../../../x86_64-linux-gnu/:/usr/lib/gcc/x86_64-linux-gnu/7/../../../../lib/:/lib/x86_64-linux-gnu/:/lib/../lib/:/usr/lib/x86_64-linux-gnu/:/usr/lib/../lib/:/usr/lib/gcc/x86_64-linux-gnu/7/../../../:/lib/:/usr/lib/]
  ignore line: [COLLECT_GCC_OPTIONS='-v' '-rdynamic' '-o' 'cmTC_c4c45' '-shared-libgcc' '-mtune=generic' '-march=x86-64']
  link line: [ /usr/lib/gcc/x86_64-linux-gnu/7/collect2 -plugin /usr/lib/gcc/x86_64-linux-gnu/7/liblto_plugin.so -plugin-opt=/usr/lib/gcc/x86_64-linux-gnu/7/lto-wrapper -plugin-opt=-fresolution=/tmp/ccVxcKM7.res -plugin-opt=-pass-through=-lgcc_s -plugin-opt=-pass-through=-lgcc -plugin-opt=-pass-through=-lc -plugin-opt=-pass-through=-lgcc_s -plugin-opt=-pass-through=-lgcc --sysroot=/ --build-id --eh-frame-hdr -m elf_x86_64 --hash-style=gnu --as-needed -export-dynamic -dynamic-linker /lib64/ld-linux-x86-64.so.2 -pie -z now -z relro -o cmTC_c4c45 /usr/lib/gcc/x86_64-linux-gnu/7/../../../x86_64-linux-gnu/Scrt1.o /usr/lib/gcc/x86_64-linux-gnu/7/../../../x86_64-linux-gnu/crti.o /usr/lib/gcc/x86_64-linux-gnu/7/crtbeginS.o -L/usr/lib/gcc/x86_64-linux-gnu/7 -L/usr/lib/gcc/x86_64-linux-gnu/7/../../../x86_64-linux-gnu -L/usr/lib/gcc/x86_64-linux-gnu/7/../../../../lib -L/lib/x86_64-linux-gnu -L/lib/../lib -L/usr/lib/x86_64-linux-gnu -L/usr/lib/../lib -L/usr/lib/gcc/x86_64-linux-gnu/7/../../.. CMakeFiles/cmTC_c4c45.dir/CMakeCXXCompilerABI.cpp.o -lstdc++ -lm -lgcc_s -lgcc -lc -lgcc_s -lgcc /usr/lib/gcc/x86_64-linux-gnu/7/crtendS.o /usr/lib/gcc/x86_64-linux-gnu/7/../../../x86_64-linux-gnu/crtn.o]
    arg [/usr/lib/gcc/x86_64-linux-gnu/7/collect2] ==> ignore
    arg [-plugin] ==> ignore
    arg [/usr/lib/gcc/x86_64-linux-gnu/7/liblto_plugin.so] ==> ignore
    arg [-plugin-opt=/usr/lib/gcc/x86_64-linux-gnu/7/lto-wrapper] ==> ignore
    arg [-plugin-opt=-fresolution=/tmp/ccVxcKM7.res] ==> ignore
    arg [-plugin-opt=-pass-through=-lgcc_s] ==> ignore
    arg [-plugin-opt=-pass-through=-lgcc] ==> ignore
    arg [-plugin-opt=-pass-through=-lc] ==> ignore
    arg [-plugin-opt=-pass-through=-lgcc_s] ==> ignore
    arg [-plugin-opt=-pass-through=-lgcc] ==> ignore
    arg [--sysroot=/] ==> ignore
    arg [--build-id] ==> ignore
    arg [--eh-frame-hdr] ==> ignore
    arg [-m] ==> ignore
    arg [elf_x86_64] ==> ignore
    arg [--hash-style=gnu] ==> ignore
    arg [--as-needed] ==> ignore
    arg [-export-dynamic] ==> ignore
    arg [-dynamic-linker] ==> ignore
    arg [/lib64/ld-linux-x86-64.so.2] ==> ignore
    arg [-pie] ==> ignore
    arg [-znow] ==> ignore
    arg [-zrelro] ==> ignore
    arg [-o] ==> ignore
    arg [cmTC_c4c45] ==> ignore
    arg [/usr/lib/gcc/x86_64-linux-gnu/7/../../../x86_64-linux-gnu/Scrt1.o] ==> ignore
    arg [/usr/lib/gcc/x86_64-linux-gnu/7/../../../x86_64-linux-gnu/crti.o] ==> ignore
    arg [/usr/lib/gcc/x86_64-linux-gnu/7/crtbeginS.o] ==> ignore
    arg [-L/usr/lib/gcc/x86_64-linux-gnu/7] ==> dir [/usr/lib/gcc/x86_64-linux-gnu/7]
    arg [-L/usr/lib/gcc/x86_64-linux-gnu/7/../../../x86_64-linux-gnu] ==> dir [/usr/lib/gcc/x86_64-linux-gnu/7/../../../x86_64-linux-gnu]
    arg [-L/usr/lib/gcc/x86_64-linux-gnu/7/../../../../lib] ==> dir [/usr/lib/gcc/x86_64-linux-gnu/7/../../../../lib]
    arg [-L/lib/x86_64-linux-gnu] ==> dir [/lib/x86_64-linux-gnu]
    arg [-L/lib/../lib] ==> dir [/lib/../lib]
    arg [-L/usr/lib/x86_64-linux-gnu] ==> dir [/usr/lib/x86_64-linux-gnu]
    arg [-L/usr/lib/../lib] ==> dir [/usr/lib/../lib]
    arg [-L/usr/lib/gcc/x86_64-linux-gnu/7/../../..] ==> dir [/usr/lib/gcc/x86_64-linux-gnu/7/../../..]
    arg [CMakeFiles/cmTC_c4c45.dir/CMakeCXXCompilerABI.cpp.o] ==> ignore
    arg [-lstdc++] ==> lib [stdc++]
    arg [-lm] ==> lib [m]
    arg [-lgcc_s] ==> lib [gcc_s]
    arg [-lgcc] ==> lib [gcc]
    arg [-lc] ==> lib [c]
    arg [-lgcc_s] ==> lib [gcc_s]
    arg [-lgcc] ==> lib [gcc]
    arg [/usr/lib/gcc/x86_64-linux-gnu/7/crtendS.o] ==> ignore
    arg [/usr/lib/gcc/x86_64-linux-gnu/7/../../../x86_64-linux-gnu/crtn.o] ==> ignore
  collapse library dir [/usr/lib/gcc/x86_64-linux-gnu/7] ==> [/usr/lib/gcc/x86_64-linux-gnu/7]
  collapse library dir [/usr/lib/gcc/x86_64-linux-gnu/7/../../../x86_64-linux-gnu] ==> [/usr/lib/x86_64-linux-gnu]
  collapse library dir [/usr/lib/gcc/x86_64-linux-gnu/7/../../../../lib] ==> [/usr/lib]
  collapse library dir [/lib/x86_64-linux-gnu] ==> [/lib/x86_64-linux-gnu]
  collapse library dir [/lib/../lib] ==> [/lib]
  collapse library dir [/usr/lib/x86_64-linux-gnu] ==> [/usr/lib/x86_64-linux-gnu]
  collapse library dir [/usr/lib/../lib] ==> [/usr/lib]
  collapse library dir [/usr/lib/gcc/x86_64-linux-gnu/7/../../..] ==> [/usr/lib]
  implicit libs: [stdc++;m;gcc_s;gcc;c;gcc_s;gcc]
  implicit dirs: [/usr/lib/gcc/x86_64-linux-gnu/7;/usr/lib/x86_64-linux-gnu;/usr/lib;/lib/x86_64-linux-gnu;/lib]
  implicit fwks: []




Detecting CXX [-std=c++1z] compiler features compiled with the following output:
Change Dir: /home/alecone/catkin_graph/build/CMakeFiles/CMakeTmp

Run Build Command:"/usr/bin/make" "cmTC_a22b6/fast"
/usr/bin/make -f CMakeFiles/cmTC_a22b6.dir/build.make CMakeFiles/cmTC_a22b6.dir/build
make[1]: Entering directory '/home/alecone/catkin_graph/build/CMakeFiles/CMakeTmp'
Building CXX object CMakeFiles/cmTC_a22b6.dir/feature_tests.cxx.o
/usr/bin/c++    -std=c++1z -o CMakeFiles/cmTC_a22b6.dir/feature_tests.cxx.o -c /home/alecone/catkin_graph/build/CMakeFiles/feature_tests.cxx
Linking CXX executable cmTC_a22b6
/usr/bin/cmake -E cmake_link_script CMakeFiles/cmTC_a22b6.dir/link.txt --verbose=1
/usr/bin/c++       -rdynamic CMakeFiles/cmTC_a22b6.dir/feature_tests.cxx.o  -o cmTC_a22b6 
make[1]: Leaving directory '/home/alecone/catkin_graph/build/CMakeFiles/CMakeTmp'


    Feature record: CXX_FEATURE:1cxx_aggregate_default_initializers
    Feature record: CXX_FEATURE:1cxx_alias_templates
    Feature record: CXX_FEATURE:1cxx_alignas
    Feature record: CXX_FEATURE:1cxx_alignof
    Feature record: CXX_FEATURE:1cxx_attributes
    Feature record: CXX_FEATURE:1cxx_attribute_deprecated
    Feature record: CXX_FEATURE:1cxx_auto_type
    Feature record: CXX_FEATURE:1cxx_binary_literals
    Feature record: CXX_FEATURE:1cxx_constexpr
    Feature record: CXX_FEATURE:1cxx_contextual_conversions
    Feature record: CXX_FEATURE:1cxx_decltype
    Feature record: CXX_FEATURE:1cxx_decltype_auto
    Feature record: CXX_FEATURE:1cxx_decltype_incomplete_return_types
    Feature record: CXX_FEATURE:1cxx_default_function_template_args
    Feature record: CXX_FEATURE:1cxx_defaulted_functions
    Feature record: CXX_FEATURE:1cxx_defaulted_move_initializers
    Feature record: CXX_FEATURE:1cxx_delegating_constructors
    Feature record: CXX_FEATURE:1cxx_deleted_functions
    Feature record: CXX_FEATURE:1cxx_digit_separators
    Feature record: CXX_FEATURE:1cxx_enum_forward_declarations
    Feature record: CXX_FEATURE:1cxx_explicit_conversions
    Feature record: CXX_FEATURE:1cxx_extended_friend_declarations
    Feature record: CXX_FEATURE:1cxx_extern_templates
    Feature record: CXX_FEATURE:1cxx_final
    Feature record: CXX_FEATURE:1cxx_func_identifier
    Feature record: CXX_FEATURE:1cxx_generalized_initializers
    Feature record: CXX_FEATURE:1cxx_generic_lambdas
    Feature record: CXX_FEATURE:1cxx_inheriting_constructors
    Feature record: CXX_FEATURE:1cxx_inline_namespaces
    Feature record: CXX_FEATURE:1cxx_lambdas
    Feature record: CXX_FEATURE:1cxx_lambda_init_captures
    Feature record: CXX_FEATURE:1cxx_local_type_template_args
    Feature record: CXX_FEATURE:1cxx_long_long_type
    Feature record: CXX_FEATURE:1cxx_noexcept
    Feature record: CXX_FEATURE:1cxx_nonstatic_member_init
    Feature record: CXX_FEATURE:1cxx_nullptr
    Feature record: CXX_FEATURE:1cxx_override
    Feature record: CXX_FEATURE:1cxx_range_for
    Feature record: CXX_FEATURE:1cxx_raw_string_literals
    Feature record: CXX_FEATURE:1cxx_reference_qualified_functions
    Feature record: CXX_FEATURE:1cxx_relaxed_constexpr
    Feature record: CXX_FEATURE:1cxx_return_type_deduction
    Feature record: CXX_FEATURE:1cxx_right_angle_brackets
    Feature record: CXX_FEATURE:1cxx_rvalue_references
    Feature record: CXX_FEATURE:1cxx_sizeof_member
    Feature record: CXX_FEATURE:1cxx_static_assert
    Feature record: CXX_FEATURE:1cxx_strong_enums
    Feature record: CXX_FEATURE:1cxx_template_template_parameters
    Feature record: CXX_FEATURE:1cxx_thread_local
    Feature record: CXX_FEATURE:1cxx_trailing_return_types
    Feature record: CXX_FEATURE:1cxx_unicode_literals
    Feature record: CXX_FEATURE:1cxx_uniform_initialization
    Feature record: CXX_FEATURE:1cxx_unrestricted_unions
    Feature record: CXX_FEATURE:1cxx_user_literals
    Feature record: CXX_FEATURE:1cxx_variable_templates
    Feature record: CXX_FEATURE:1cxx_variadic_macros
    Feature record: CXX_FEATURE:1cxx_variadic_templates


Detecting CXX [-std=c++14] compiler features compiled with the following output:
Change Dir: /home/alecone/catkin_graph/build/CMakeFiles/CMakeTmp

Run Build Command:"/usr/bin/make" "cmTC_7ef31/fast"
/usr/bin/make -f CMakeFiles/cmTC_7ef31.dir/build.make CMakeFiles/cmTC_7ef31.dir/build
make[1]: Entering directory '/home/alecone/catkin_graph/build/CMakeFiles/CMakeTmp'
Building CXX object CMakeFiles/cmTC_7ef31.dir/feature_tests.cxx.o
/usr/bin/c++    -std=c++14 -o CMakeFiles/cmTC_7ef31.dir/feature_tests.cxx.o -c /home/alecone/catkin_graph/build/CMakeFiles/feature_tests.cxx
Linking CXX executable cmTC_7ef31
/usr/bin/cmake -E cmake_link_script CMakeFiles/cmTC_7ef31.dir/link.txt --verbose=1
/usr/bin/c++       -rdynamic CMakeFiles/cmTC_7ef31.dir/feature_tests.cxx.o  -o cmTC_7ef31 
make[1]: Leaving directory '/home/alecone/catkin_graph/build/CMakeFiles/CMakeTmp'


    Feature record: CXX_FEATURE:1cxx_aggregate_default_initializers
    Feature record: CXX_FEATURE:1cxx_alias_templates
    Feature record: CXX_FEATURE:1cxx_alignas
    Feature record: CXX_FEATURE:1cxx_alignof
    Feature record: CXX_FEATURE:1cxx_attributes
    Feature record: CXX_FEATURE:1cxx_attribute_deprecated
    Feature record: CXX_FEATURE:1cxx_auto_type
    Feature record: CXX_FEATURE:1cxx_binary_literals
    Feature record: CXX_FEATURE:1cxx_constexpr
    Feature record: CXX_FEATURE:1cxx_contextual_conversions
    Feature record: CXX_FEATURE:1cxx_decltype
    Feature record: CXX_FEATURE:1cxx_decltype_auto
    Feature record: CXX_FEATURE:1cxx_decltype_incomplete_return_types
    Feature record: CXX_FEATURE:1cxx_default_function_template_args
    Feature record: CXX_FEATURE:1cxx_defaulted_functions
    Feature record: CXX_FEATURE:1cxx_defaulted_move_initializers
    Feature record: CXX_FEATURE:1cxx_delegating_constructors
    Feature record: CXX_FEATURE:1cxx_deleted_functions
    Feature record: CXX_FEATURE:1cxx_digit_separators
    Feature record: CXX_FEATURE:1cxx_enum_forward_declarations
    Feature record: CXX_FEATURE:1cxx_explicit_conversions
    Feature record: CXX_FEATURE:1cxx_extended_friend_declarations
    Feature record: CXX_FEATURE:1cxx_extern_templates
    Feature record: CXX_FEATURE:1cxx_final
    Feature record: CXX_FEATURE:1cxx_func_identifier
    Feature record: CXX_FEATURE:1cxx_generalized_initializers
    Feature record: CXX_FEATURE:1cxx_generic_lambdas
    Feature record: CXX_FEATURE:1cxx_inheriting_constructors
    Feature record: CXX_FEATURE:1cxx_inline_namespaces
    Feature record: CXX_FEATURE:1cxx_lambdas
    Feature record: CXX_FEATURE:1cxx_lambda_init_captures
    Feature record: CXX_FEATURE:1cxx_local_type_template_args
    Feature record: CXX_FEATURE:1cxx_long_long_type
    Feature record: CXX_FEATURE:1cxx_noexcept
    Feature record: CXX_FEATURE:1cxx_nonstatic_member_init
    Feature record: CXX_FEATURE:1cxx_nullptr
    Feature record: CXX_FEATURE:1cxx_override
    Feature record: CXX_FEATURE:1cxx_range_for
    Feature record: CXX_FEATURE:1cxx_raw_string_literals
    Feature record: CXX_FEATURE:1cxx_reference_qualified_functions
    Feature record: CXX_FEATURE:1cxx_relaxed_constexpr
    Feature record: CXX_FEATURE:1cxx_return_type_deduction
    Feature record: CXX_FEATURE:1cxx_right_angle_brackets
    Feature record: CXX_FEATURE:1cxx_rvalue_references
    Feature record: CXX_FEATURE:1cxx_sizeof_member
    Feature record: CXX_FEATURE:1cxx_static_assert
    Feature record: CXX_FEATURE:1cxx_strong_enums
    Feature record: CXX_FEATURE:1cxx_template_template_parameters
    Feature record: CXX_FEATURE:1cxx_thread_local
    Feature record: CXX_FEATURE:1cxx_trailing_return_types
    Feature record: CXX_FEATURE:1cxx_unicode_literals
    Feature record: CXX_FEATURE:1cxx_uniform_initialization
    Feature record: CXX_FEATURE:1cxx_unrestricted_unions
    Feature record: CXX_FEATURE:1cxx_user_literals
    Feature record: CXX_FEATURE:1cxx_variable_templates
    Feature record: CXX_FEATURE:1cxx_variadic_macros
    Feature record: CXX_FEATURE:1cxx_variadic_templates


Detecting CXX [-std=c++11] compiler features compiled with the following output:
Change Dir: /home/alecone/catkin_graph/build/CMakeFiles/CMakeTmp

Run Build Command:"/usr/bin/make" "cmTC_ffd1c/fast"
/usr/bin/make -f CMakeFiles/cmTC_ffd1c.dir/build.make CMakeFiles/cmTC_ffd1c.dir/build
make[1]: Entering directory '/home/alecone/catkin_graph/build/CMakeFiles/CMakeTmp'
Building CXX object CMakeFiles/cmTC_ffd1c.dir/feature_tests.cxx.o
/usr/bin/c++    -std=c++11 -o CMakeFiles/cmTC_ffd1c.dir/feature_tests.cxx.o -c /home/alecone/catkin_graph/build/CMakeFiles/feature_tests.cxx
Linking CXX executable cmTC_ffd1c
/usr/bin/cmake -E cmake_link_script CMakeFiles/cmTC_ffd1c.dir/link.txt --verbose=1
/usr/bin/c++       -rdynamic CMakeFiles/cmTC_ffd1c.dir/feature_tests.cxx.o  -o cmTC_ffd1c 
make[1]: Leaving directory '/home/alecone/catkin_graph/build/CMakeFiles/CMakeTmp'


    Feature record: CXX_FEATURE:0cxx_aggregate_default_initializers
    Feature record: CXX_FEATURE:1cxx_alias_templates
    Feature record: CXX_FEATURE:1cxx_alignas
    Feature record: CXX_FEATURE:1cxx_alignof
    Feature record: CXX_FEATURE:1cxx_attributes
    Feature record: CXX_FEATURE:0cxx_attribute_deprecated
    Feature record: CXX_FEATURE:1cxx_auto_type
    Feature record: CXX_FEATURE:0cxx_binary_literals
    Feature record: CXX_FEATURE:1cxx_constexpr
    Feature record: CXX_FEATURE:0cxx_contextual_conversions
    Feature record: CXX_FEATURE:1cxx_decltype
    Feature record: CXX_FEATURE:0cxx_decltype_auto
    Feature record: CXX_FEATURE:1cxx_decltype_incomplete_return_types
    Feature record: CXX_FEATURE:1cxx_default_function_template_args
    Feature record: CXX_FEATURE:1cxx_defaulted_functions
    Feature record: CXX_FEATURE:1cxx_defaulted_move_initializers
    Feature record: CXX_FEATURE:1cxx_delegating_constructors
    Feature record: CXX_FEATURE:1cxx_deleted_functions
    Feature record: CXX_FEATURE:0cxx_digit_separators
    Feature record: CXX_FEATURE:1cxx_enum_forward_declarations
    Feature record: CXX_FEATURE:1cxx_explicit_conversions
    Feature record: CXX_FEATURE:1cxx_extended_friend_declarations
    Feature record: CXX_FEATURE:1cxx_extern_templates
    Feature record: CXX_FEATURE:1cxx_final
    Feature record: CXX_FEATURE:1cxx_func_identifier
    Feature record: CXX_FEATURE:1cxx_generalized_initializers
    Feature record: CXX_FEATURE:0cxx_generic_lambdas
    Feature record: CXX_FEATURE:1cxx_inheriting_constructors
    Feature record: CXX_FEATURE:1cxx_inline_namespaces
    Feature record: CXX_FEATURE:1cxx_lambdas
    Feature record: CXX_FEATURE:0cxx_lambda_init_captures
    Feature record: CXX_FEATURE:1cxx_local_type_template_args
    Feature record: CXX_FEATURE:1cxx_long_long_type
    Feature record: CXX_FEATURE:1cxx_noexcept
    Feature record: CXX_FEATURE:1cxx_nonstatic_member_init
    Feature record: CXX_FEATURE:1cxx_nullptr
    Feature record: CXX_FEATURE:1cxx_override
    Feature record: CXX_FEATURE:1cxx_range_for
    Feature record: CXX_FEATURE:1cxx_raw_string_literals
    Feature record: CXX_FEATURE:1cxx_reference_qualified_functions
    Feature record: CXX_FEATURE:0cxx_relaxed_constexpr
    Feature record: CXX_FEATURE:0cxx_return_type_deduction
    Feature record: CXX_FEATURE:1cxx_right_angle_brackets
    Feature record: CXX_FEATURE:1cxx_rvalue_references
    Feature record: CXX_FEATURE:1cxx_sizeof_member
    Feature record: CXX_FEATURE:1cxx_static_assert
    Feature record: CXX_FEATURE:1cxx_strong_enums
    Feature record: CXX_FEATURE:1cxx_template_template_parameters
    Feature record: CXX_FEATURE:1cxx_thread_local
    Feature record: CXX_FEATURE:1cxx_trailing_return_types
    Feature record: CXX_FEATURE:1cxx_unicode_literals
    Feature record: CXX_FEATURE:1cxx_uniform_initialization
    Feature record: CXX_FEATURE:1cxx_unrestricted_unions
    Feature record: CXX_FEATURE:1cxx_user_literals
    Feature record: CXX_FEATURE:0cxx_variable_templates
    Feature record: CXX_FEATURE:1cxx_variadic_macros
    Feature record: CXX_FEATURE:1cxx_variadic_templates


Detecting CXX [-std=c++98] compiler features compiled with the following output:
Change Dir: /home/alecone/catkin_graph/build/CMakeFiles/CMakeTmp

Run Build Command:"/usr/bin/make" "cmTC_d193e/fast"
/usr/bin/make -f CMakeFiles/cmTC_d193e.dir/build.make CMakeFiles/cmTC_d193e.dir/build
make[1]: Entering directory '/home/alecone/catkin_graph/build/CMakeFiles/CMakeTmp'
Building CXX object CMakeFiles/cmTC_d193e.dir/feature_tests.cxx.o
/usr/bin/c++    -std=c++98 -o CMakeFiles/cmTC_d193e.dir/feature_tests.cxx.o -c /home/alecone/catkin_graph/build/CMakeFiles/feature_tests.cxx
Linking CXX executable cmTC_d193e
/usr/bin/cmake -E cmake_link_script CMakeFiles/cmTC_d193e.dir/link.txt --verbose=1
/usr/bin/c++       -rdynamic CMakeFiles/cmTC_d193e.dir/feature_tests.cxx.o  -o cmTC_d193e 
make[1]: Leaving directory '/home/alecone/catkin_graph/build/CMakeFiles/CMakeTmp'


    Feature record: CXX_FEATURE:0cxx_aggregate_default_initializers
    Feature record: CXX_FEATURE:0cxx_alias_templates
    Feature record: CXX_FEATURE:0cxx_alignas
    Feature record: CXX_FEATURE:0cxx_alignof
    Feature record: CXX_FEATURE:0cxx_attributes
    Feature record: CXX_FEATURE:0cxx_attribute_deprecated
    Feature record: CXX_FEATURE:0cxx_auto_type
    Feature record: CXX_FEATURE:0cxx_binary_literals
    Feature record: CXX_FEATURE:0cxx_constexpr
    Feature record: CXX_FEATURE:0cxx_contextual_conversions
    Feature record: CXX_FEATURE:0cxx_decltype
    Feature record: CXX_FEATURE:0cxx_decltype_auto
    Feature record: CXX_FEATURE:0cxx_decltype_incomplete_return_types
    Feature record: CXX_FEATURE:0cxx_default_function_template_args
    Feature record: CXX_FEATURE:0cxx_defaulted_functions
    Feature record: CXX_FEATURE:0cxx_defaulted_move_initializers
    Feature record: CXX_FEATURE:0cxx_delegating_constructors
    Feature record: CXX_FEATURE:0cxx_deleted_functions
    Feature record: CXX_FEATURE:0cxx_digit_separators
    Feature record: CXX_FEATURE:0cxx_enum_forward_declarations
    Feature record: CXX_FEATURE:0cxx_explicit_conversions
    Feature record: CXX_FEATURE:0cxx_extended_friend_declarations
    Feature record: CXX_FEATURE:0cxx_extern_templates
    Feature record: CXX_FEATURE:0cxx_final
    Feature record: CXX_FEATURE:0cxx_func_identifier
    Feature record: CXX_FEATURE:0cxx_generalized_initializers
    Feature record: CXX_FEATURE:0cxx_generic_lambdas
    Feature record: CXX_FEATURE:0cxx_inheriting_constructors
    Feature record: CXX_FEATURE:0cxx_inline_namespaces
    Feature record: CXX_FEATURE:0cxx_lambdas
    Feature record: CXX_FEATURE:0cxx_lambda_init_captures
    Feature record: CXX_FEATURE:0cxx_local_type_template_args
    Feature record: CXX_FEATURE:0cxx_long_long_type
    Feature record: CXX_FEATURE:0cxx_noexcept
    Feature record: CXX_FEATURE:0cxx_nonstatic_member_init
    Feature record: CXX_FEATURE:0cxx_nullptr
    Feature record: CXX_FEATURE:0cxx_override
    Feature record: CXX_FEATURE:0cxx_range_for
    Feature record: CXX_FEATURE:0cxx_raw_string_literals
    Feature record: CXX_FEATURE:0cxx_reference_qualified_functions
    Feature record: CXX_FEATURE:0cxx_relaxed_constexpr
    Feature record: CXX_FEATURE:0cxx_return_type_deduction
    Feature record: CXX_FEATURE:0cxx_right_angle_brackets
    Feature record: CXX_FEATURE:0cxx_rvalue_references
    Feature record: CXX_FEATURE:0cxx_sizeof_member
    Feature record: CXX_FEATURE:0cxx_static_assert
    Feature record: CXX_FEATURE:0cxx_strong_enums
    Feature record: CXX_FEATURE:1cxx_template_template_parameters
    Feature record: CXX_FEATURE:0cxx_thread_local
    Feature record: CXX_FEATURE:0cxx_trailing_return_types
    Feature record: CXX_FEATURE:0cxx_unicode_literals
    Feature record: CXX_FEATURE:0cxx_uniform_initialization
    Feature record: CXX_FEATURE:0cxx_unrestricted_unions
    Feature record: CXX_FEATURE:0cxx_user_literals
    Feature record: CXX_FEATURE:0cxx_variable_templates
    Feature record: CXX_FEATURE:0cxx_variadic_macros
    Feature record: CXX_FEATURE:0cxx_variadic_templates
Determining if the include file pthread.h exists passed with the following output:
Change Dir: /home/alecone/catkin_graph/build/CMakeFiles/CMakeTmp

Run Build Command:"/usr/bin/make" "cmTC_a09f3/fast"
/usr/bin/make -f CMakeFiles/cmTC_a09f3.dir/build.make CMakeFiles/cmTC_a09f3.dir/build
make[1]: Entering directory '/home/alecone/catkin_graph/build/CMakeFiles/CMakeTmp'
Building C object CMakeFiles/cmTC_a09f3.dir/CheckIncludeFile.c.o
/usr/bin/cc    -o CMakeFiles/cmTC_a09f3.dir/CheckIncludeFile.c.o   -c /home/alecone/catkin_graph/build/CMakeFiles/CMakeTmp/CheckIncludeFile.c
Linking C executable cmTC_a09f3
/usr/bin/cmake -E cmake_link_script CMakeFiles/cmTC_a09f3.dir/link.txt --verbose=1
/usr/bin/cc      -rdynamic CMakeFiles/cmTC_a09f3.dir/CheckIncludeFile.c.o  -o cmTC_a09f3 
make[1]: Leaving directory '/home/alecone/catkin_graph/build/CMakeFiles/CMakeTmp'


Determining if the function pthread_create exists in the pthread passed with the following output:
Change Dir: /home/alecone/catkin_graph/build/CMakeFiles/CMakeTmp

Run Build Command:"/usr/bin/make" "cmTC_ac1ea/fast"
/usr/bin/make -f CMakeFiles/cmTC_ac1ea.dir/build.make CMakeFiles/cmTC_ac1ea.dir/build
make[1]: Entering directory '/home/alecone/catkin_graph/build/CMakeFiles/CMakeTmp'
Building C object CMakeFiles/cmTC_ac1ea.dir/CheckFunctionExists.c.o
/usr/bin/cc   -DCHECK_FUNCTION_EXISTS=pthread_create   -o CMakeFiles/cmTC_ac1ea.dir/CheckFunctionExists.c.o   -c /usr/share/cmake-3.10/Modules/CheckFunctionExists.c
Linking C executable cmTC_ac1ea
/usr/bin/cmake -E cmake_link_script CMakeFiles/cmTC_ac1ea.dir/link.txt --verbose=1
/usr/bin/cc  -DCHECK_FUNCTION_EXISTS=pthread_create    -rdynamic CMakeFiles/cmTC_ac1ea.dir/CheckFunctionExists.c.o  -o cmTC_ac1ea -lpthread 
make[1]: Leaving directory '/home/alecone/catkin_graph/build/CMakeFiles/CMakeTmp'


Determining if the include file fcntl.h exists passed with the following output:
Change Dir: /home/alecone/catkin_graph/build/CMakeFiles/CMakeTmp

Run Build Command:"/usr/bin/make" "cmTC_15484/fast"
/usr/bin/make -f CMakeFiles/cmTC_15484.dir/build.make CMakeFiles/cmTC_15484.dir/build
make[1]: Entering directory '/home/alecone/catkin_graph/build/CMakeFiles/CMakeTmp'
Building C object CMakeFiles/cmTC_15484.dir/CheckIncludeFile.c.o
/usr/bin/cc   -I/usr/include  -I/usr/include/cairo -std=c99 -fPIC -ggdb -Wall    -o CMakeFiles/cmTC_15484.dir/CheckIncludeFile.c.o   -c /home/alecone/catkin_graph/build/CMakeFiles/CMakeTmp/CheckIncludeFile.c
Linking C executable cmTC_15484
/usr/bin/cmake -E cmake_link_script CMakeFiles/cmTC_15484.dir/link.txt --verbose=1
/usr/bin/cc   -I/usr/include  -I/usr/include/cairo -std=c99 -fPIC -ggdb -Wall     -rdynamic CMakeFiles/cmTC_15484.dir/CheckIncludeFile.c.o  -o cmTC_15484 
make[1]: Leaving directory '/home/alecone/catkin_graph/build/CMakeFiles/CMakeTmp'


Determining if the include file inttypes.h exists passed with the following output:
Change Dir: /home/alecone/catkin_graph/build/CMakeFiles/CMakeTmp

Run Build Command:"/usr/bin/make" "cmTC_fc581/fast"
/usr/bin/make -f CMakeFiles/cmTC_fc581.dir/build.make CMakeFiles/cmTC_fc581.dir/build
make[1]: Entering directory '/home/alecone/catkin_graph/build/CMakeFiles/CMakeTmp'
Building C object CMakeFiles/cmTC_fc581.dir/CheckIncludeFile.c.o
/usr/bin/cc   -I/usr/include  -I/usr/include/cairo -std=c99 -fPIC -ggdb -Wall    -o CMakeFiles/cmTC_fc581.dir/CheckIncludeFile.c.o   -c /home/alecone/catkin_graph/build/CMakeFiles/CMakeTmp/CheckIncludeFile.c
Linking C executable cmTC_fc581
/usr/bin/cmake -E cmake_link_script CMakeFiles/cmTC_fc581.dir/link.txt --verbose=1
/usr/bin/cc   -I/usr/include  -I/usr/include/cairo -std=c99 -fPIC -ggdb -Wall     -rdynamic CMakeFiles/cmTC_fc581.dir/CheckIncludeFile.c.o  -o cmTC_fc581 
make[1]: Leaving directory '/home/alecone/catkin_graph/build/CMakeFiles/CMakeTmp'


Determining if the include file limits.h exists passed with the following output:
Change Dir: /home/alecone/catkin_graph/build/CMakeFiles/CMakeTmp

Run Build Command:"/usr/bin/make" "cmTC_d66cd/fast"
/usr/bin/make -f CMakeFiles/cmTC_d66cd.dir/build.make CMakeFiles/cmTC_d66cd.dir/build
make[1]: Entering directory '/home/alecone/catkin_graph/build/CMakeFiles/CMakeTmp'
Building C object CMakeFiles/cmTC_d66cd.dir/CheckIncludeFile.c.o
/usr/bin/cc   -I/usr/include  -I/usr/include/cairo -std=c99 -fPIC -ggdb -Wall    -o CMakeFiles/cmTC_d66cd.dir/CheckIncludeFile.c.o   -c /home/alecone/catkin_graph/build/CMakeFiles/CMakeTmp/CheckIncludeFile.c
Linking C executable cmTC_d66cd
/usr/bin/cmake -E cmake_link_script CMakeFiles/cmTC_d66cd.dir/link.txt --verbose=1
/usr/bin/cc   -I/usr/include  -I/usr/include/cairo -std=c99 -fPIC -ggdb -Wall     -rdynamic CMakeFiles/cmTC_d66cd.dir/CheckIncludeFile.c.o  -o cmTC_d66cd 
make[1]: Leaving directory '/home/alecone/catkin_graph/build/CMakeFiles/CMakeTmp'


Determining if the include file memory.h exists passed with the following output:
Change Dir: /home/alecone/catkin_graph/build/CMakeFiles/CMakeTmp

Run Build Command:"/usr/bin/make" "cmTC_fb534/fast"
/usr/bin/make -f CMakeFiles/cmTC_fb534.dir/build.make CMakeFiles/cmTC_fb534.dir/build
make[1]: Entering directory '/home/alecone/catkin_graph/build/CMakeFiles/CMakeTmp'
Building C object CMakeFiles/cmTC_fb534.dir/CheckIncludeFile.c.o
/usr/bin/cc   -I/usr/include  -I/usr/include/cairo -std=c99 -fPIC -ggdb -Wall    -o CMakeFiles/cmTC_fb534.dir/CheckIncludeFile.c.o   -c /home/alecone/catkin_graph/build/CMakeFiles/CMakeTmp/CheckIncludeFile.c
Linking C executable cmTC_fb534
/usr/bin/cmake -E cmake_link_script CMakeFiles/cmTC_fb534.dir/link.txt --verbose=1
/usr/bin/cc   -I/usr/include  -I/usr/include/cairo -std=c99 -fPIC -ggdb -Wall     -rdynamic CMakeFiles/cmTC_fb534.dir/CheckIncludeFile.c.o  -o cmTC_fb534 
make[1]: Leaving directory '/home/alecone/catkin_graph/build/CMakeFiles/CMakeTmp'


Determining if the include file stdarg.h exists passed with the following output:
Change Dir: /home/alecone/catkin_graph/build/CMakeFiles/CMakeTmp

Run Build Command:"/usr/bin/make" "cmTC_d2117/fast"
/usr/bin/make -f CMakeFiles/cmTC_d2117.dir/build.make CMakeFiles/cmTC_d2117.dir/build
make[1]: Entering directory '/home/alecone/catkin_graph/build/CMakeFiles/CMakeTmp'
Building C object CMakeFiles/cmTC_d2117.dir/CheckIncludeFile.c.o
/usr/bin/cc   -I/usr/include  -I/usr/include/cairo -std=c99 -fPIC -ggdb -Wall    -o CMakeFiles/cmTC_d2117.dir/CheckIncludeFile.c.o   -c /home/alecone/catkin_graph/build/CMakeFiles/CMakeTmp/CheckIncludeFile.c
Linking C executable cmTC_d2117
/usr/bin/cmake -E cmake_link_script CMakeFiles/cmTC_d2117.dir/link.txt --verbose=1
/usr/bin/cc   -I/usr/include  -I/usr/include/cairo -std=c99 -fPIC -ggdb -Wall     -rdynamic CMakeFiles/cmTC_d2117.dir/CheckIncludeFile.c.o  -o cmTC_d2117 
make[1]: Leaving directory '/home/alecone/catkin_graph/build/CMakeFiles/CMakeTmp'


Determining if the include file stdint.h exists passed with the following output:
Change Dir: /home/alecone/catkin_graph/build/CMakeFiles/CMakeTmp

Run Build Command:"/usr/bin/make" "cmTC_f56c8/fast"
/usr/bin/make -f CMakeFiles/cmTC_f56c8.dir/build.make CMakeFiles/cmTC_f56c8.dir/build
make[1]: Entering directory '/home/alecone/catkin_graph/build/CMakeFiles/CMakeTmp'
Building C object CMakeFiles/cmTC_f56c8.dir/CheckIncludeFile.c.o
/usr/bin/cc   -I/usr/include  -I/usr/include/cairo -std=c99 -fPIC -ggdb -Wall    -o CMakeFiles/cmTC_f56c8.dir/CheckIncludeFile.c.o   -c /home/alecone/catkin_graph/build/CMakeFiles/CMakeTmp/CheckIncludeFile.c
Linking C executable cmTC_f56c8
/usr/bin/cmake -E cmake_link_script CMakeFiles/cmTC_f56c8.dir/link.txt --verbose=1
/usr/bin/cc   -I/usr/include  -I/usr/include/cairo -std=c99 -fPIC -ggdb -Wall     -rdynamic CMakeFiles/cmTC_f56c8.dir/CheckIncludeFile.c.o  -o cmTC_f56c8 
make[1]: Leaving directory '/home/alecone/catkin_graph/build/CMakeFiles/CMakeTmp'


Determining if the include file stdlib.h exists passed with the following output:
Change Dir: /home/alecone/catkin_graph/build/CMakeFiles/CMakeTmp

Run Build Command:"/usr/bin/make" "cmTC_3378c/fast"
/usr/bin/make -f CMakeFiles/cmTC_3378c.dir/build.make CMakeFiles/cmTC_3378c.dir/build
make[1]: Entering directory '/home/alecone/catkin_graph/build/CMakeFiles/CMakeTmp'
Building C object CMakeFiles/cmTC_3378c.dir/CheckIncludeFile.c.o
/usr/bin/cc   -I/usr/include  -I/usr/include/cairo -std=c99 -fPIC -ggdb -Wall    -o CMakeFiles/cmTC_3378c.dir/CheckIncludeFile.c.o   -c /home/alecone/catkin_graph/build/CMakeFiles/CMakeTmp/CheckIncludeFile.c
Linking C executable cmTC_3378c
/usr/bin/cmake -E cmake_link_script CMakeFiles/cmTC_3378c.dir/link.txt --verbose=1
/usr/bin/cc   -I/usr/include  -I/usr/include/cairo -std=c99 -fPIC -ggdb -Wall     -rdynamic CMakeFiles/cmTC_3378c.dir/CheckIncludeFile.c.o  -o cmTC_3378c 
make[1]: Leaving directory '/home/alecone/catkin_graph/build/CMakeFiles/CMakeTmp'


Determining if the include file strings.h exists passed with the following output:
Change Dir: /home/alecone/catkin_graph/build/CMakeFiles/CMakeTmp

Run Build Command:"/usr/bin/make" "cmTC_00979/fast"
/usr/bin/make -f CMakeFiles/cmTC_00979.dir/build.make CMakeFiles/cmTC_00979.dir/build
make[1]: Entering directory '/home/alecone/catkin_graph/build/CMakeFiles/CMakeTmp'
Building C object CMakeFiles/cmTC_00979.dir/CheckIncludeFile.c.o
/usr/bin/cc   -I/usr/include  -I/usr/include/cairo -std=c99 -fPIC -ggdb -Wall    -o CMakeFiles/cmTC_00979.dir/CheckIncludeFile.c.o   -c /home/alecone/catkin_graph/build/CMakeFiles/CMakeTmp/CheckIncludeFile.c
Linking C executable cmTC_00979
/usr/bin/cmake -E cmake_link_script CMakeFiles/cmTC_00979.dir/link.txt --verbose=1
/usr/bin/cc   -I/usr/include  -I/usr/include/cairo -std=c99 -fPIC -ggdb -Wall     -rdynamic CMakeFiles/cmTC_00979.dir/CheckIncludeFile.c.o  -o cmTC_00979 
make[1]: Leaving directory '/home/alecone/catkin_graph/build/CMakeFiles/CMakeTmp'


Determining if the include file string.h exists passed with the following output:
Change Dir: /home/alecone/catkin_graph/build/CMakeFiles/CMakeTmp

Run Build Command:"/usr/bin/make" "cmTC_3fe96/fast"
/usr/bin/make -f CMakeFiles/cmTC_3fe96.dir/build.make CMakeFiles/cmTC_3fe96.dir/build
make[1]: Entering directory '/home/alecone/catkin_graph/build/CMakeFiles/CMakeTmp'
Building C object CMakeFiles/cmTC_3fe96.dir/CheckIncludeFile.c.o
/usr/bin/cc   -I/usr/include  -I/usr/include/cairo -std=c99 -fPIC -ggdb -Wall    -o CMakeFiles/cmTC_3fe96.dir/CheckIncludeFile.c.o   -c /home/alecone/catkin_graph/build/CMakeFiles/CMakeTmp/CheckIncludeFile.c
Linking C executable cmTC_3fe96
/usr/bin/cmake -E cmake_link_script CMakeFiles/cmTC_3fe96.dir/link.txt --verbose=1
/usr/bin/cc   -I/usr/include  -I/usr/include/cairo -std=c99 -fPIC -ggdb -Wall     -rdynamic CMakeFiles/cmTC_3fe96.dir/CheckIncludeFile.c.o  -o cmTC_3fe96 
make[1]: Leaving directory '/home/alecone/catkin_graph/build/CMakeFiles/CMakeTmp'


Determining if the include file syslog.h exists passed with the following output:
Change Dir: /home/alecone/catkin_graph/build/CMakeFiles/CMakeTmp

Run Build Command:"/usr/bin/make" "cmTC_4737e/fast"
/usr/bin/make -f CMakeFiles/cmTC_4737e.dir/build.make CMakeFiles/cmTC_4737e.dir/build
make[1]: Entering directory '/home/alecone/catkin_graph/build/CMakeFiles/CMakeTmp'
Building C object CMakeFiles/cmTC_4737e.dir/CheckIncludeFile.c.o
/usr/bin/cc   -I/usr/include  -I/usr/include/cairo -std=c99 -fPIC -ggdb -Wall    -o CMakeFiles/cmTC_4737e.dir/CheckIncludeFile.c.o   -c /home/alecone/catkin_graph/build/CMakeFiles/CMakeTmp/CheckIncludeFile.c
Linking C executable cmTC_4737e
/usr/bin/cmake -E cmake_link_script CMakeFiles/cmTC_4737e.dir/link.txt --verbose=1
/usr/bin/cc   -I/usr/include  -I/usr/include/cairo -std=c99 -fPIC -ggdb -Wall     -rdynamic CMakeFiles/cmTC_4737e.dir/CheckIncludeFile.c.o  -o cmTC_4737e 
make[1]: Leaving directory '/home/alecone/catkin_graph/build/CMakeFiles/CMakeTmp'


Determining if the include file sys/param.h exists passed with the following output:
Change Dir: /home/alecone/catkin_graph/build/CMakeFiles/CMakeTmp

Run Build Command:"/usr/bin/make" "cmTC_34669/fast"
/usr/bin/make -f CMakeFiles/cmTC_34669.dir/build.make CMakeFiles/cmTC_34669.dir/build
make[1]: Entering directory '/home/alecone/catkin_graph/build/CMakeFiles/CMakeTmp'
Building C object CMakeFiles/cmTC_34669.dir/CheckIncludeFile.c.o
/usr/bin/cc   -I/usr/include  -I/usr/include/cairo -std=c99 -fPIC -ggdb -Wall    -o CMakeFiles/cmTC_34669.dir/CheckIncludeFile.c.o   -c /home/alecone/catkin_graph/build/CMakeFiles/CMakeTmp/CheckIncludeFile.c
Linking C executable cmTC_34669
/usr/bin/cmake -E cmake_link_script CMakeFiles/cmTC_34669.dir/link.txt --verbose=1
/usr/bin/cc   -I/usr/include  -I/usr/include/cairo -std=c99 -fPIC -ggdb -Wall     -rdynamic CMakeFiles/cmTC_34669.dir/CheckIncludeFile.c.o  -o cmTC_34669 
make[1]: Leaving directory '/home/alecone/catkin_graph/build/CMakeFiles/CMakeTmp'


Determining if the include file sys/types.h exists passed with the following output:
Change Dir: /home/alecone/catkin_graph/build/CMakeFiles/CMakeTmp

Run Build Command:"/usr/bin/make" "cmTC_a322a/fast"
/usr/bin/make -f CMakeFiles/cmTC_a322a.dir/build.make CMakeFiles/cmTC_a322a.dir/build
make[1]: Entering directory '/home/alecone/catkin_graph/build/CMakeFiles/CMakeTmp'
Building C object CMakeFiles/cmTC_a322a.dir/CheckIncludeFile.c.o
/usr/bin/cc   -I/usr/include  -I/usr/include/cairo -std=c99 -fPIC -ggdb -Wall    -o CMakeFiles/cmTC_a322a.dir/CheckIncludeFile.c.o   -c /home/alecone/catkin_graph/build/CMakeFiles/CMakeTmp/CheckIncludeFile.c
Linking C executable cmTC_a322a
/usr/bin/cmake -E cmake_link_script CMakeFiles/cmTC_a322a.dir/link.txt --verbose=1
/usr/bin/cc   -I/usr/include  -I/usr/include/cairo -std=c99 -fPIC -ggdb -Wall     -rdynamic CMakeFiles/cmTC_a322a.dir/CheckIncludeFile.c.o  -o cmTC_a322a 
make[1]: Leaving directory '/home/alecone/catkin_graph/build/CMakeFiles/CMakeTmp'


Determining if the include file sys/stat.h exists passed with the following output:
Change Dir: /home/alecone/catkin_graph/build/CMakeFiles/CMakeTmp

Run Build Command:"/usr/bin/make" "cmTC_96798/fast"
/usr/bin/make -f CMakeFiles/cmTC_96798.dir/build.make CMakeFiles/cmTC_96798.dir/build
make[1]: Entering directory '/home/alecone/catkin_graph/build/CMakeFiles/CMakeTmp'
Building C object CMakeFiles/cmTC_96798.dir/CheckIncludeFile.c.o
/usr/bin/cc   -I/usr/include  -I/usr/include/cairo -std=c99 -fPIC -ggdb -Wall    -o CMakeFiles/cmTC_96798.dir/CheckIncludeFile.c.o   -c /home/alecone/catkin_graph/build/CMakeFiles/CMakeTmp/CheckIncludeFile.c
Linking C executable cmTC_96798
/usr/bin/cmake -E cmake_link_script CMakeFiles/cmTC_96798.dir/link.txt --verbose=1
/usr/bin/cc   -I/usr/include  -I/usr/include/cairo -std=c99 -fPIC -ggdb -Wall     -rdynamic CMakeFiles/cmTC_96798.dir/CheckIncludeFile.c.o  -o cmTC_96798 
make[1]: Leaving directory '/home/alecone/catkin_graph/build/CMakeFiles/CMakeTmp'


Determining if the include file unistd.h exists passed with the following output:
Change Dir: /home/alecone/catkin_graph/build/CMakeFiles/CMakeTmp

Run Build Command:"/usr/bin/make" "cmTC_e5867/fast"
/usr/bin/make -f CMakeFiles/cmTC_e5867.dir/build.make CMakeFiles/cmTC_e5867.dir/build
make[1]: Entering directory '/home/alecone/catkin_graph/build/CMakeFiles/CMakeTmp'
Building C object CMakeFiles/cmTC_e5867.dir/CheckIncludeFile.c.o
/usr/bin/cc   -I/usr/include  -I/usr/include/cairo -std=c99 -fPIC -ggdb -Wall    -o CMakeFiles/cmTC_e5867.dir/CheckIncludeFile.c.o   -c /home/alecone/catkin_graph/build/CMakeFiles/CMakeTmp/CheckIncludeFile.c
Linking C executable cmTC_e5867
/usr/bin/cmake -E cmake_link_script CMakeFiles/cmTC_e5867.dir/link.txt --verbose=1
/usr/bin/cc   -I/usr/include  -I/usr/include/cairo -std=c99 -fPIC -ggdb -Wall     -rdynamic CMakeFiles/cmTC_e5867.dir/CheckIncludeFile.c.o  -o cmTC_e5867 
make[1]: Leaving directory '/home/alecone/catkin_graph/build/CMakeFiles/CMakeTmp'


Determining if the function open exists passed with the following output:
Change Dir: /home/alecone/catkin_graph/build/CMakeFiles/CMakeTmp

Run Build Command:"/usr/bin/make" "cmTC_35b79/fast"
/usr/bin/make -f CMakeFiles/cmTC_35b79.dir/build.make CMakeFiles/cmTC_35b79.dir/build
make[1]: Entering directory '/home/alecone/catkin_graph/build/CMakeFiles/CMakeTmp'
Building C object CMakeFiles/cmTC_35b79.dir/CheckFunctionExists.c.o
/usr/bin/cc   -I/usr/include  -I/usr/include/cairo -std=c99 -fPIC -ggdb -Wall -DCHECK_FUNCTION_EXISTS=open   -o CMakeFiles/cmTC_35b79.dir/CheckFunctionExists.c.o   -c /usr/share/cmake-3.10/Modules/CheckFunctionExists.c
Linking C executable cmTC_35b79
/usr/bin/cmake -E cmake_link_script CMakeFiles/cmTC_35b79.dir/link.txt --verbose=1
/usr/bin/cc   -I/usr/include  -I/usr/include/cairo -std=c99 -fPIC -ggdb -Wall -DCHECK_FUNCTION_EXISTS=open    -rdynamic CMakeFiles/cmTC_35b79.dir/CheckFunctionExists.c.o  -o cmTC_35b79 
make[1]: Leaving directory '/home/alecone/catkin_graph/build/CMakeFiles/CMakeTmp'


Determining if the function malloc exists passed with the following output:
Change Dir: /home/alecone/catkin_graph/build/CMakeFiles/CMakeTmp

Run Build Command:"/usr/bin/make" "cmTC_771af/fast"
/usr/bin/make -f CMakeFiles/cmTC_771af.dir/build.make CMakeFiles/cmTC_771af.dir/build
make[1]: Entering directory '/home/alecone/catkin_graph/build/CMakeFiles/CMakeTmp'
Building C object CMakeFiles/cmTC_771af.dir/CheckFunctionExists.c.o
/usr/bin/cc   -I/usr/include  -I/usr/include/cairo -std=c99 -fPIC -ggdb -Wall -DCHECK_FUNCTION_EXISTS=malloc   -o CMakeFiles/cmTC_771af.dir/CheckFunctionExists.c.o   -c /usr/share/cmake-3.10/Modules/CheckFunctionExists.c
<command-line>:0:23: warning: conflicting types for built-in function malloc [-Wbuiltin-declaration-mismatch]
/usr/share/cmake-3.10/Modules/CheckFunctionExists.c:7:3: note: in expansion of macro CHECK_FUNCTION_EXISTS
   CHECK_FUNCTION_EXISTS(void);
   ^~~~~~~~~~~~~~~~~~~~~
Linking C executable cmTC_771af
/usr/bin/cmake -E cmake_link_script CMakeFiles/cmTC_771af.dir/link.txt --verbose=1
/usr/bin/cc   -I/usr/include  -I/usr/include/cairo -std=c99 -fPIC -ggdb -Wall -DCHECK_FUNCTION_EXISTS=malloc    -rdynamic CMakeFiles/cmTC_771af.dir/CheckFunctionExists.c.o  -o cmTC_771af 
make[1]: Leaving directory '/home/alecone/catkin_graph/build/CMakeFiles/CMakeTmp'


Determining if the function realloc exists passed with the following output:
Change Dir: /home/alecone/catkin_graph/build/CMakeFiles/CMakeTmp

Run Build Command:"/usr/bin/make" "cmTC_7601b/fast"
/usr/bin/make -f CMakeFiles/cmTC_7601b.dir/build.make CMakeFiles/cmTC_7601b.dir/build
make[1]: Entering directory '/home/alecone/catkin_graph/build/CMakeFiles/CMakeTmp'
Building C object CMakeFiles/cmTC_7601b.dir/CheckFunctionExists.c.o
/usr/bin/cc   -I/usr/include  -I/usr/include/cairo -std=c99 -fPIC -ggdb -Wall -DCHECK_FUNCTION_EXISTS=realloc   -o CMakeFiles/cmTC_7601b.dir/CheckFunctionExists.c.o   -c /usr/share/cmake-3.10/Modules/CheckFunctionExists.c
<command-line>:0:23: warning: conflicting types for built-in function realloc [-Wbuiltin-declaration-mismatch]
/usr/share/cmake-3.10/Modules/CheckFunctionExists.c:7:3: note: in expansion of macro CHECK_FUNCTION_EXISTS
   CHECK_FUNCTION_EXISTS(void);
   ^~~~~~~~~~~~~~~~~~~~~
Linking C executable cmTC_7601b
/usr/bin/cmake -E cmake_link_script CMakeFiles/cmTC_7601b.dir/link.txt --verbose=1
/usr/bin/cc   -I/usr/include  -I/usr/include/cairo -std=c99 -fPIC -ggdb -Wall -DCHECK_FUNCTION_EXISTS=realloc    -rdynamic CMakeFiles/cmTC_7601b.dir/CheckFunctionExists.c.o  -o cmTC_7601b 
make[1]: Leaving directory '/home/alecone/catkin_graph/build/CMakeFiles/CMakeTmp'


Determining if the function strerror exists passed with the following output:
Change Dir: /home/alecone/catkin_graph/build/CMakeFiles/CMakeTmp

Run Build Command:"/usr/bin/make" "cmTC_fcdd3/fast"
/usr/bin/make -f CMakeFiles/cmTC_fcdd3.dir/build.make CMakeFiles/cmTC_fcdd3.dir/build
make[1]: Entering directory '/home/alecone/catkin_graph/build/CMakeFiles/CMakeTmp'
Building C object CMakeFiles/cmTC_fcdd3.dir/CheckFunctionExists.c.o
/usr/bin/cc   -I/usr/include  -I/usr/include/cairo -std=c99 -fPIC -ggdb -Wall -DCHECK_FUNCTION_EXISTS=strerror   -o CMakeFiles/cmTC_fcdd3.dir/CheckFunctionExists.c.o   -c /usr/share/cmake-3.10/Modules/CheckFunctionExists.c
Linking C executable cmTC_fcdd3
/usr/bin/cmake -E cmake_link_script CMakeFiles/cmTC_fcdd3.dir/link.txt --verbose=1
/usr/bin/cc   -I/usr/include  -I/usr/include/cairo -std=c99 -fPIC -ggdb -Wall -DCHECK_FUNCTION_EXISTS=strerror    -rdynamic CMakeFiles/cmTC_fcdd3.dir/CheckFunctionExists.c.o  -o cmTC_fcdd3 
make[1]: Leaving directory '/home/alecone/catkin_graph/build/CMakeFiles/CMakeTmp'


Determining if the function strncasecmp exists passed with the following output:
Change Dir: /home/alecone/catkin_graph/build/CMakeFiles/CMakeTmp

Run Build Command:"/usr/bin/make" "cmTC_2e35d/fast"
/usr/bin/make -f CMakeFiles/cmTC_2e35d.dir/build.make CMakeFiles/cmTC_2e35d.dir/build
make[1]: Entering directory '/home/alecone/catkin_graph/build/CMakeFiles/CMakeTmp'
Building C object CMakeFiles/cmTC_2e35d.dir/CheckFunctionExists.c.o
/usr/bin/cc   -I/usr/include  -I/usr/include/cairo -std=c99 -fPIC -ggdb -Wall -DCHECK_FUNCTION_EXISTS=strncasecmp   -o CMakeFiles/cmTC_2e35d.dir/CheckFunctionExists.c.o   -c /usr/share/cmake-3.10/Modules/CheckFunctionExists.c
Linking C executable cmTC_2e35d
/usr/bin/cmake -E cmake_link_script CMakeFiles/cmTC_2e35d.dir/link.txt --verbose=1
/usr/bin/cc   -I/usr/include  -I/usr/include/cairo -std=c99 -fPIC -ggdb -Wall -DCHECK_FUNCTION_EXISTS=strncasecmp    -rdynamic CMakeFiles/cmTC_2e35d.dir/CheckFunctionExists.c.o  -o cmTC_2e35d 
make[1]: Leaving directory '/home/alecone/catkin_graph/build/CMakeFiles/CMakeTmp'


Determining if the function strndup exists passed with the following output:
Change Dir: /home/alecone/catkin_graph/build/CMakeFiles/CMakeTmp

Run Build Command:"/usr/bin/make" "cmTC_3cc60/fast"
/usr/bin/make -f CMakeFiles/cmTC_3cc60.dir/build.make CMakeFiles/cmTC_3cc60.dir/build
make[1]: Entering directory '/home/alecone/catkin_graph/build/CMakeFiles/CMakeTmp'
Building C object CMakeFiles/cmTC_3cc60.dir/CheckFunctionExists.c.o
/usr/bin/cc   -I/usr/include  -I/usr/include/cairo -std=c99 -fPIC -ggdb -Wall -DCHECK_FUNCTION_EXISTS=strndup   -o CMakeFiles/cmTC_3cc60.dir/CheckFunctionExists.c.o   -c /usr/share/cmake-3.10/Modules/CheckFunctionExists.c
Linking C executable cmTC_3cc60
/usr/bin/cmake -E cmake_link_script CMakeFiles/cmTC_3cc60.dir/link.txt --verbose=1
/usr/bin/cc   -I/usr/include  -I/usr/include/cairo -std=c99 -fPIC -ggdb -Wall -DCHECK_FUNCTION_EXISTS=strndup    -rdynamic CMakeFiles/cmTC_3cc60.dir/CheckFunctionExists.c.o  -o cmTC_3cc60 
make[1]: Leaving directory '/home/alecone/catkin_graph/build/CMakeFiles/CMakeTmp'


Determining if the function vasprintf exists passed with the following output:
Change Dir: /home/alecone/catkin_graph/build/CMakeFiles/CMakeTmp

Run Build Command:"/usr/bin/make" "cmTC_c8f2b/fast"
/usr/bin/make -f CMakeFiles/cmTC_c8f2b.dir/build.make CMakeFiles/cmTC_c8f2b.dir/build
make[1]: Entering directory '/home/alecone/catkin_graph/build/CMakeFiles/CMakeTmp'
Building C object CMakeFiles/cmTC_c8f2b.dir/CheckFunctionExists.c.o
/usr/bin/cc   -I/usr/include  -I/usr/include/cairo -std=c99 -fPIC -ggdb -Wall -DCHECK_FUNCTION_EXISTS=vasprintf   -o CMakeFiles/cmTC_c8f2b.dir/CheckFunctionExists.c.o   -c /usr/share/cmake-3.10/Modules/CheckFunctionExists.c
Linking C executable cmTC_c8f2b
/usr/bin/cmake -E cmake_link_script CMakeFiles/cmTC_c8f2b.dir/link.txt --verbose=1
/usr/bin/cc   -I/usr/include  -I/usr/include/cairo -std=c99 -fPIC -ggdb -Wall -DCHECK_FUNCTION_EXISTS=vasprintf    -rdynamic CMakeFiles/cmTC_c8f2b.dir/CheckFunctionExists.c.o  -o cmTC_c8f2b 
make[1]: Leaving directory '/home/alecone/catkin_graph/build/CMakeFiles/CMakeTmp'


Determining if the function vprintf exists passed with the following output:
Change Dir: /home/alecone/catkin_graph/build/CMakeFiles/CMakeTmp

Run Build Command:"/usr/bin/make" "cmTC_2a34d/fast"
/usr/bin/make -f CMakeFiles/cmTC_2a34d.dir/build.make CMakeFiles/cmTC_2a34d.dir/build
make[1]: Entering directory '/home/alecone/catkin_graph/build/CMakeFiles/CMakeTmp'
Building C object CMakeFiles/cmTC_2a34d.dir/CheckFunctionExists.c.o
/usr/bin/cc   -I/usr/include  -I/usr/include/cairo -std=c99 -fPIC -ggdb -Wall -DCHECK_FUNCTION_EXISTS=vprintf   -o CMakeFiles/cmTC_2a34d.dir/CheckFunctionExists.c.o   -c /usr/share/cmake-3.10/Modules/CheckFunctionExists.c
<command-line>:0:23: warning: conflicting types for built-in function vprintf [-Wbuiltin-declaration-mismatch]
/usr/share/cmake-3.10/Modules/CheckFunctionExists.c:7:3: note: in expansion of macro CHECK_FUNCTION_EXISTS
   CHECK_FUNCTION_EXISTS(void);
   ^~~~~~~~~~~~~~~~~~~~~
Linking C executable cmTC_2a34d
/usr/bin/cmake -E cmake_link_script CMakeFiles/cmTC_2a34d.dir/link.txt --verbose=1
/usr/bin/cc   -I/usr/include  -I/usr/include/cairo -std=c99 -fPIC -ggdb -Wall -DCHECK_FUNCTION_EXISTS=vprintf    -rdynamic CMakeFiles/cmTC_2a34d.dir/CheckFunctionExists.c.o  -o cmTC_2a34d 
make[1]: Leaving directory '/home/alecone/catkin_graph/build/CMakeFiles/CMakeTmp'


Determining if the function vsnprintf exists passed with the following output:
Change Dir: /home/alecone/catkin_graph/build/CMakeFiles/CMakeTmp

Run Build Command:"/usr/bin/make" "cmTC_13b6e/fast"
/usr/bin/make -f CMakeFiles/cmTC_13b6e.dir/build.make CMakeFiles/cmTC_13b6e.dir/build
make[1]: Entering directory '/home/alecone/catkin_graph/build/CMakeFiles/CMakeTmp'
Building C object CMakeFiles/cmTC_13b6e.dir/CheckFunctionExists.c.o
/usr/bin/cc   -I/usr/include  -I/usr/include/cairo -std=c99 -fPIC -ggdb -Wall -DCHECK_FUNCTION_EXISTS=vsnprintf   -o CMakeFiles/cmTC_13b6e.dir/CheckFunctionExists.c.o   -c /usr/share/cmake-3.10/Modules/CheckFunctionExists.c
<command-line>:0:23: warning: conflicting types for built-in function vsnprintf [-Wbuiltin-declaration-mismatch]
/usr/share/cmake-3.10/Modules/CheckFunctionExists.c:7:3: note: in expansion of macro CHECK_FUNCTION_EXISTS
   CHECK_FUNCTION_EXISTS(void);
   ^~~~~~~~~~~~~~~~~~~~~
Linking C executable cmTC_13b6e
/usr/bin/cmake -E cmake_link_script CMakeFiles/cmTC_13b6e.dir/link.txt --verbose=1
/usr/bin/cc   -I/usr/include  -I/usr/include/cairo -std=c99 -fPIC -ggdb -Wall -DCHECK_FUNCTION_EXISTS=vsnprintf    -rdynamic CMakeFiles/cmTC_13b6e.dir/CheckFunctionExists.c.o  -o cmTC_13b6e 
make[1]: Leaving directory '/home/alecone/catkin_graph/build/CMakeFiles/CMakeTmp'


Determining if the function vsyslog exists passed with the following output:
Change Dir: /home/alecone/catkin_graph/build/CMakeFiles/CMakeTmp

Run Build Command:"/usr/bin/make" "cmTC_82ee8/fast"
/usr/bin/make -f CMakeFiles/cmTC_82ee8.dir/build.make CMakeFiles/cmTC_82ee8.dir/build
make[1]: Entering directory '/home/alecone/catkin_graph/build/CMakeFiles/CMakeTmp'
Building C object CMakeFiles/cmTC_82ee8.dir/CheckFunctionExists.c.o
/usr/bin/cc   -I/usr/include  -I/usr/include/cairo -std=c99 -fPIC -ggdb -Wall -DCHECK_FUNCTION_EXISTS=vsyslog   -o CMakeFiles/cmTC_82ee8.dir/CheckFunctionExists.c.o   -c /usr/share/cmake-3.10/Modules/CheckFunctionExists.c
Linking C executable cmTC_82ee8
/usr/bin/cmake -E cmake_link_script CMakeFiles/cmTC_82ee8.dir/link.txt --verbose=1
/usr/bin/cc   -I/usr/include  -I/usr/include/cairo -std=c99 -fPIC -ggdb -Wall -DCHECK_FUNCTION_EXISTS=vsyslog    -rdynamic CMakeFiles/cmTC_82ee8.dir/CheckFunctionExists.c.o  -o cmTC_82ee8 
make[1]: Leaving directory '/home/alecone/catkin_graph/build/CMakeFiles/CMakeTmp'


